{"D:\\my_projects\\PandaEvents\\dist\\index.js": {"path":"D:\\my_projects\\PandaEvents\\dist\\index.js","statementMap":{"0":{"start":{"line":2,"column":16},"end":{"line":10,"column":1}},"1":{"start":{"line":3,"column":28},"end":{"line":3,"column":110}},"2":{"start":{"line":3,"column":91},"end":{"line":3,"column":106}},"3":{"start":{"line":4,"column":4},"end":{"line":9,"column":7}},"4":{"start":{"line":5,"column":36},"end":{"line":5,"column":97}},"5":{"start":{"line":5,"column":42},"end":{"line":5,"column":70}},"6":{"start":{"line":5,"column":85},"end":{"line":5,"column":95}},"7":{"start":{"line":6,"column":35},"end":{"line":6,"column":100}},"8":{"start":{"line":6,"column":41},"end":{"line":6,"column":73}},"9":{"start":{"line":6,"column":88},"end":{"line":6,"column":98}},"10":{"start":{"line":7,"column":32},"end":{"line":7,"column":116}},"11":{"start":{"line":8,"column":8},"end":{"line":8,"column":78}},"12":{"start":{"line":11,"column":0},"end":{"line":11,"column":62}},"13":{"start":{"line":12,"column":28},"end":{"line":16,"column":1}},"14":{"start":{"line":23,"column":20},"end":{"line":196,"column":1}},"15":{"start":{"line":24,"column":23},"end":{"line":24,"column":52}},"16":{"start":{"line":25,"column":22},"end":{"line":27,"column":12}},"17":{"start":{"line":28,"column":30},"end":{"line":30,"column":12}},"18":{"start":{"line":31,"column":20},"end":{"line":31,"column":65}},"19":{"start":{"line":32,"column":23},"end":{"line":32,"column":30}},"20":{"start":{"line":33,"column":31},"end":{"line":33,"column":44}},"21":{"start":{"line":42,"column":26},"end":{"line":60,"column":5}},"22":{"start":{"line":44,"column":8},"end":{"line":49,"column":9}},"23":{"start":{"line":45,"column":12},"end":{"line":45,"column":90}},"24":{"start":{"line":47,"column":13},"end":{"line":49,"column":9}},"25":{"start":{"line":48,"column":12},"end":{"line":48,"column":89}},"26":{"start":{"line":50,"column":18},"end":{"line":50,"column":89}},"27":{"start":{"line":51,"column":21},"end":{"line":51,"column":45}},"28":{"start":{"line":52,"column":25},"end":{"line":52,"column":35}},"29":{"start":{"line":53,"column":8},"end":{"line":53,"column":29}},"30":{"start":{"line":54,"column":8},"end":{"line":54,"column":43}},"31":{"start":{"line":55,"column":26},"end":{"line":55,"column":54}},"32":{"start":{"line":56,"column":8},"end":{"line":58,"column":9}},"33":{"start":{"line":57,"column":12},"end":{"line":57,"column":37}},"34":{"start":{"line":59,"column":8},"end":{"line":59,"column":27}},"35":{"start":{"line":61,"column":4},"end":{"line":195,"column":6}},"36":{"start":{"line":63,"column":12},"end":{"line":63,"column":32}},"37":{"start":{"line":66,"column":12},"end":{"line":66,"column":40}},"38":{"start":{"line":76,"column":21},"end":{"line":76,"column":61}},"39":{"start":{"line":77,"column":12},"end":{"line":79,"column":13}},"40":{"start":{"line":78,"column":16},"end":{"line":78,"column":62}},"41":{"start":{"line":80,"column":12},"end":{"line":80,"column":22}},"42":{"start":{"line":90,"column":21},"end":{"line":90,"column":62}},"43":{"start":{"line":91,"column":12},"end":{"line":93,"column":13}},"44":{"start":{"line":92,"column":16},"end":{"line":92,"column":62}},"45":{"start":{"line":94,"column":12},"end":{"line":94,"column":22}},"46":{"start":{"line":103,"column":24},"end":{"line":103,"column":52}},"47":{"start":{"line":104,"column":12},"end":{"line":129,"column":13}},"48":{"start":{"line":105,"column":30},"end":{"line":105,"column":32}},"49":{"start":{"line":106,"column":16},"end":{"line":127,"column":19}},"50":{"start":{"line":107,"column":29},"end":{"line":107,"column":42}},"51":{"start":{"line":108,"column":20},"end":{"line":110,"column":21}},"52":{"start":{"line":109,"column":24},"end":{"line":109,"column":59}},"53":{"start":{"line":111,"column":20},"end":{"line":126,"column":21}},"54":{"start":{"line":112,"column":24},"end":{"line":125,"column":28}},"55":{"start":{"line":112,"column":41},"end":{"line":125,"column":26}},"56":{"start":{"line":113,"column":28},"end":{"line":124,"column":29}},"57":{"start":{"line":114,"column":32},"end":{"line":114,"column":50}},"58":{"start":{"line":117,"column":51},"end":{"line":117,"column":82}},"59":{"start":{"line":118,"column":32},"end":{"line":123,"column":33}},"60":{"start":{"line":119,"column":36},"end":{"line":119,"column":76}},"61":{"start":{"line":122,"column":36},"end":{"line":122,"column":46}},"62":{"start":{"line":128,"column":16},"end":{"line":128,"column":53}},"63":{"start":{"line":138,"column":12},"end":{"line":138,"column":59}},"64":{"start":{"line":146,"column":22},"end":{"line":146,"column":75}},"65":{"start":{"line":147,"column":12},"end":{"line":158,"column":15}},"66":{"start":{"line":148,"column":60},"end":{"line":148,"column":73}},"67":{"start":{"line":149,"column":38},"end":{"line":149,"column":62}},"68":{"start":{"line":150,"column":34},"end":{"line":150,"column":56}},"69":{"start":{"line":151,"column":16},"end":{"line":154,"column":112}},"70":{"start":{"line":155,"column":16},"end":{"line":155,"column":78}},"71":{"start":{"line":156,"column":16},"end":{"line":157,"column":70}},"72":{"start":{"line":168,"column":12},"end":{"line":168,"column":65}},"73":{"start":{"line":177,"column":26},"end":{"line":177,"column":53}},"74":{"start":{"line":178,"column":12},"end":{"line":181,"column":13}},"75":{"start":{"line":179,"column":30},"end":{"line":179,"column":53}},"76":{"start":{"line":180,"column":16},"end":{"line":180,"column":49}},"77":{"start":{"line":189,"column":25},"end":{"line":189,"column":53}},"78":{"start":{"line":190,"column":12},"end":{"line":193,"column":13}},"79":{"start":{"line":191,"column":31},"end":{"line":191,"column":71}},"80":{"start":{"line":191,"column":50},"end":{"line":191,"column":70}},"81":{"start":{"line":192,"column":16},"end":{"line":192,"column":54}},"82":{"start":{"line":197,"column":0},"end":{"line":197,"column":30}}},"fnMap":{"0":{"name":"(anonymous_0)","decl":{"start":{"line":2,"column":44},"end":{"line":2,"column":45}},"loc":{"start":{"line":2,"column":89},"end":{"line":10,"column":1}},"line":2},"1":{"name":"adopt","decl":{"start":{"line":3,"column":13},"end":{"line":3,"column":18}},"loc":{"start":{"line":3,"column":26},"end":{"line":3,"column":112}},"line":3},"2":{"name":"(anonymous_2)","decl":{"start":{"line":3,"column":70},"end":{"line":3,"column":71}},"loc":{"start":{"line":3,"column":89},"end":{"line":3,"column":108}},"line":3},"3":{"name":"(anonymous_3)","decl":{"start":{"line":4,"column":36},"end":{"line":4,"column":37}},"loc":{"start":{"line":4,"column":63},"end":{"line":9,"column":5}},"line":4},"4":{"name":"fulfilled","decl":{"start":{"line":5,"column":17},"end":{"line":5,"column":26}},"loc":{"start":{"line":5,"column":34},"end":{"line":5,"column":99}},"line":5},"5":{"name":"rejected","decl":{"start":{"line":6,"column":17},"end":{"line":6,"column":25}},"loc":{"start":{"line":6,"column":33},"end":{"line":6,"column":102}},"line":6},"6":{"name":"step","decl":{"start":{"line":7,"column":17},"end":{"line":7,"column":21}},"loc":{"start":{"line":7,"column":30},"end":{"line":7,"column":118}},"line":7},"7":{"name":"(anonymous_7)","decl":{"start":{"line":23,"column":20},"end":{"line":23,"column":21}},"loc":{"start":{"line":23,"column":44},"end":{"line":196,"column":1}},"line":23},"8":{"name":"(anonymous_8)","decl":{"start":{"line":42,"column":26},"end":{"line":42,"column":27}},"loc":{"start":{"line":42,"column":71},"end":{"line":60,"column":5}},"line":42},"9":{"name":"(anonymous_9)","decl":{"start":{"line":62,"column":8},"end":{"line":62,"column":9}},"loc":{"start":{"line":62,"column":33},"end":{"line":64,"column":9}},"line":62},"10":{"name":"(anonymous_10)","decl":{"start":{"line":65,"column":8},"end":{"line":65,"column":9}},"loc":{"start":{"line":65,"column":39},"end":{"line":67,"column":9}},"line":65},"11":{"name":"(anonymous_11)","decl":{"start":{"line":75,"column":8},"end":{"line":75,"column":9}},"loc":{"start":{"line":75,"column":34},"end":{"line":81,"column":9}},"line":75},"12":{"name":"(anonymous_12)","decl":{"start":{"line":89,"column":8},"end":{"line":89,"column":9}},"loc":{"start":{"line":89,"column":32},"end":{"line":95,"column":9}},"line":89},"13":{"name":"(anonymous_13)","decl":{"start":{"line":102,"column":8},"end":{"line":102,"column":9}},"loc":{"start":{"line":102,"column":33},"end":{"line":130,"column":9}},"line":102},"14":{"name":"(anonymous_14)","decl":{"start":{"line":106,"column":30},"end":{"line":106,"column":31}},"loc":{"start":{"line":106,"column":38},"end":{"line":127,"column":17}},"line":106},"15":{"name":"(anonymous_15)","decl":{"start":{"line":112,"column":35},"end":{"line":112,"column":36}},"loc":{"start":{"line":112,"column":41},"end":{"line":125,"column":26}},"line":112},"16":{"name":"(anonymous_16)","decl":{"start":{"line":112,"column":73},"end":{"line":112,"column":74}},"loc":{"start":{"line":112,"column":86},"end":{"line":125,"column":25}},"line":112},"17":{"name":"(anonymous_17)","decl":{"start":{"line":137,"column":8},"end":{"line":137,"column":9}},"loc":{"start":{"line":137,"column":39},"end":{"line":139,"column":9}},"line":137},"18":{"name":"(anonymous_18)","decl":{"start":{"line":145,"column":8},"end":{"line":145,"column":9}},"loc":{"start":{"line":145,"column":43},"end":{"line":159,"column":9}},"line":145},"19":{"name":"(anonymous_19)","decl":{"start":{"line":147,"column":24},"end":{"line":147,"column":25}},"loc":{"start":{"line":147,"column":32},"end":{"line":158,"column":13}},"line":147},"20":{"name":"(anonymous_20)","decl":{"start":{"line":167,"column":8},"end":{"line":167,"column":9}},"loc":{"start":{"line":167,"column":33},"end":{"line":169,"column":9}},"line":167},"21":{"name":"(anonymous_21)","decl":{"start":{"line":176,"column":8},"end":{"line":176,"column":9}},"loc":{"start":{"line":176,"column":49},"end":{"line":182,"column":9}},"line":176},"22":{"name":"(anonymous_22)","decl":{"start":{"line":188,"column":8},"end":{"line":188,"column":9}},"loc":{"start":{"line":188,"column":43},"end":{"line":194,"column":9}},"line":188},"23":{"name":"(anonymous_23)","decl":{"start":{"line":191,"column":42},"end":{"line":191,"column":43}},"loc":{"start":{"line":191,"column":50},"end":{"line":191,"column":70}},"line":191}},"branchMap":{"0":{"loc":{"start":{"line":2,"column":16},"end":{"line":10,"column":1}},"type":"binary-expr","locations":[{"start":{"line":2,"column":17},"end":{"line":2,"column":21}},{"start":{"line":2,"column":25},"end":{"line":2,"column":39}},{"start":{"line":2,"column":44},"end":{"line":10,"column":1}}],"line":2},"1":{"loc":{"start":{"line":3,"column":35},"end":{"line":3,"column":109}},"type":"cond-expr","locations":[{"start":{"line":3,"column":56},"end":{"line":3,"column":61}},{"start":{"line":3,"column":64},"end":{"line":3,"column":109}}],"line":3},"2":{"loc":{"start":{"line":4,"column":16},"end":{"line":4,"column":34}},"type":"binary-expr","locations":[{"start":{"line":4,"column":16},"end":{"line":4,"column":17}},{"start":{"line":4,"column":22},"end":{"line":4,"column":33}}],"line":4},"3":{"loc":{"start":{"line":7,"column":32},"end":{"line":7,"column":115}},"type":"cond-expr","locations":[{"start":{"line":7,"column":46},"end":{"line":7,"column":67}},{"start":{"line":7,"column":70},"end":{"line":7,"column":115}}],"line":7},"4":{"loc":{"start":{"line":8,"column":51},"end":{"line":8,"column":67}},"type":"binary-expr","locations":[{"start":{"line":8,"column":51},"end":{"line":8,"column":61}},{"start":{"line":8,"column":65},"end":{"line":8,"column":67}}],"line":8},"5":{"loc":{"start":{"line":23,"column":30},"end":{"line":23,"column":42}},"type":"default-arg","locations":[{"start":{"line":23,"column":40},"end":{"line":23,"column":42}}],"line":23},"6":{"loc":{"start":{"line":24,"column":23},"end":{"line":24,"column":52}},"type":"cond-expr","locations":[{"start":{"line":24,"column":40},"end":{"line":24,"column":44}},{"start":{"line":24,"column":47},"end":{"line":24,"column":52}}],"line":24},"7":{"loc":{"start":{"line":25,"column":22},"end":{"line":27,"column":12}},"type":"cond-expr","locations":[{"start":{"line":26,"column":10},"end":{"line":26,"column":39}},{"start":{"line":27,"column":10},"end":{"line":27,"column":12}}],"line":25},"8":{"loc":{"start":{"line":28,"column":30},"end":{"line":30,"column":12}},"type":"cond-expr","locations":[{"start":{"line":29,"column":10},"end":{"line":29,"column":47}},{"start":{"line":30,"column":10},"end":{"line":30,"column":12}}],"line":28},"9":{"loc":{"start":{"line":31,"column":20},"end":{"line":31,"column":65}},"type":"cond-expr","locations":[{"start":{"line":31,"column":33},"end":{"line":31,"column":60}},{"start":{"line":31,"column":63},"end":{"line":31,"column":65}}],"line":31},"10":{"loc":{"start":{"line":42,"column":57},"end":{"line":42,"column":69}},"type":"default-arg","locations":[{"start":{"line":42,"column":64},"end":{"line":42,"column":69}}],"line":42},"11":{"loc":{"start":{"line":44,"column":8},"end":{"line":49,"column":9}},"type":"if","locations":[{"start":{"line":44,"column":8},"end":{"line":49,"column":9}},{"start":{"line":47,"column":13},"end":{"line":49,"column":9}}],"line":44},"12":{"loc":{"start":{"line":47,"column":13},"end":{"line":49,"column":9}},"type":"if","locations":[{"start":{"line":47,"column":13},"end":{"line":49,"column":9}},{"start":{},"end":{}}],"line":47},"13":{"loc":{"start":{"line":50,"column":18},"end":{"line":50,"column":89}},"type":"cond-expr","locations":[{"start":{"line":50,"column":82},"end":{"line":50,"column":84}},{"start":{"line":50,"column":87},"end":{"line":50,"column":89}}],"line":50},"14":{"loc":{"start":{"line":50,"column":18},"end":{"line":50,"column":79}},"type":"binary-expr","locations":[{"start":{"line":50,"column":18},"end":{"line":50,"column":62}},{"start":{"line":50,"column":66},"end":{"line":50,"column":79}}],"line":50},"15":{"loc":{"start":{"line":56,"column":8},"end":{"line":58,"column":9}},"type":"if","locations":[{"start":{"line":56,"column":8},"end":{"line":58,"column":9}},{"start":{},"end":{}}],"line":56},"16":{"loc":{"start":{"line":77,"column":12},"end":{"line":79,"column":13}},"type":"if","locations":[{"start":{"line":77,"column":12},"end":{"line":79,"column":13}},{"start":{},"end":{}}],"line":77},"17":{"loc":{"start":{"line":91,"column":12},"end":{"line":93,"column":13}},"type":"if","locations":[{"start":{"line":91,"column":12},"end":{"line":93,"column":13}},{"start":{},"end":{}}],"line":91},"18":{"loc":{"start":{"line":104,"column":12},"end":{"line":129,"column":13}},"type":"if","locations":[{"start":{"line":104,"column":12},"end":{"line":129,"column":13}},{"start":{},"end":{}}],"line":104},"19":{"loc":{"start":{"line":104,"column":16},"end":{"line":104,"column":45}},"type":"binary-expr","locations":[{"start":{"line":104,"column":16},"end":{"line":104,"column":21}},{"start":{"line":104,"column":25},"end":{"line":104,"column":45}}],"line":104},"20":{"loc":{"start":{"line":108,"column":20},"end":{"line":110,"column":21}},"type":"if","locations":[{"start":{"line":108,"column":20},"end":{"line":110,"column":21}},{"start":{},"end":{}}],"line":108},"21":{"loc":{"start":{"line":111,"column":20},"end":{"line":126,"column":21}},"type":"if","locations":[{"start":{"line":111,"column":20},"end":{"line":126,"column":21}},{"start":{},"end":{}}],"line":111},"22":{"loc":{"start":{"line":118,"column":32},"end":{"line":123,"column":33}},"type":"if","locations":[{"start":{"line":118,"column":32},"end":{"line":123,"column":33}},{"start":{"line":121,"column":37},"end":{"line":123,"column":33}}],"line":118},"23":{"loc":{"start":{"line":118,"column":36},"end":{"line":118,"column":90}},"type":"binary-expr","locations":[{"start":{"line":118,"column":36},"end":{"line":118,"column":63}},{"start":{"line":118,"column":67},"end":{"line":118,"column":90}}],"line":118},"24":{"loc":{"start":{"line":146,"column":22},"end":{"line":146,"column":75}},"type":"cond-expr","locations":[{"start":{"line":146,"column":50},"end":{"line":146,"column":60}},{"start":{"line":146,"column":63},"end":{"line":146,"column":75}}],"line":146},"25":{"loc":{"start":{"line":151,"column":16},"end":{"line":154,"column":111}},"type":"binary-expr","locations":[{"start":{"line":151,"column":16},"end":{"line":151,"column":59}},{"start":{"line":152,"column":20},"end":{"line":152,"column":59}},{"start":{"line":153,"column":20},"end":{"line":153,"column":72}},{"start":{"line":154,"column":20},"end":{"line":154,"column":111}}],"line":151},"26":{"loc":{"start":{"line":155,"column":16},"end":{"line":155,"column":77}},"type":"binary-expr","locations":[{"start":{"line":155,"column":16},"end":{"line":155,"column":40}},{"start":{"line":155,"column":45},"end":{"line":155,"column":76}}],"line":155},"27":{"loc":{"start":{"line":156,"column":16},"end":{"line":157,"column":69}},"type":"binary-expr","locations":[{"start":{"line":156,"column":16},"end":{"line":156,"column":47}},{"start":{"line":157,"column":20},"end":{"line":157,"column":69}}],"line":156},"28":{"loc":{"start":{"line":178,"column":12},"end":{"line":181,"column":13}},"type":"if","locations":[{"start":{"line":178,"column":12},"end":{"line":181,"column":13}},{"start":{},"end":{}}],"line":178},"29":{"loc":{"start":{"line":190,"column":12},"end":{"line":193,"column":13}},"type":"if","locations":[{"start":{"line":190,"column":12},"end":{"line":193,"column":13}},{"start":{},"end":{}}],"line":190},"30":{"loc":{"start":{"line":190,"column":16},"end":{"line":190,"column":47}},"type":"binary-expr","locations":[{"start":{"line":190,"column":16},"end":{"line":190,"column":22}},{"start":{"line":190,"column":26},"end":{"line":190,"column":47}}],"line":190}},"s":{"0":1,"1":7,"2":7,"3":8,"4":7,"5":7,"6":0,"7":0,"8":0,"9":0,"10":15,"11":8,"12":1,"13":1,"14":1,"15":1,"16":1,"17":1,"18":1,"19":1,"20":1,"21":1,"22":7,"23":0,"24":7,"25":0,"26":7,"27":7,"28":7,"29":7,"30":7,"31":7,"32":7,"33":1,"34":7,"35":1,"36":0,"37":0,"38":1,"39":1,"40":1,"41":1,"42":6,"43":6,"44":4,"45":6,"46":10,"47":10,"48":10,"49":10,"50":8,"51":8,"52":1,"53":8,"54":8,"55":8,"56":8,"57":8,"58":1,"59":1,"60":1,"61":0,"62":10,"63":2,"64":12,"65":12,"66":3,"67":3,"68":3,"69":3,"70":3,"71":3,"72":1,"73":1,"74":1,"75":1,"76":1,"77":0,"78":0,"79":0,"80":0,"81":0,"82":1},"f":{"0":8,"1":7,"2":7,"3":8,"4":7,"5":0,"6":15,"7":1,"8":7,"9":0,"10":0,"11":1,"12":6,"13":10,"14":8,"15":8,"16":8,"17":2,"18":12,"19":3,"20":1,"21":1,"22":0,"23":0},"b":{"0":[1,1,1],"1":[0,7],"2":[8,8],"3":[8,7],"4":[8,8],"5":[0],"6":[1,0],"7":[1,0],"8":[1,0],"9":[1,0],"10":[0],"11":[0,7],"12":[0,7],"13":[0,7],"14":[7,7],"15":[1,6],"16":[1,0],"17":[4,2],"18":[10,0],"19":[10,10],"20":[1,7],"21":[8,0],"22":[1,0],"23":[1,1],"24":[10,2],"25":[3,3,3,3],"26":[3,3],"27":[3,1],"28":[1,0],"29":[0,0],"30":[0,0]},"inputSourceMap":null,"_coverageSchema":"1a1c01bbd47fc00a2c39e90264f33305004495a9","hash":"daf7ca87c918879583e4610277b777007fddcfa5"}
,"D:\\my_projects\\PandaEvents\\src\\index.ts": {"path":"D:\\my_projects\\PandaEvents\\src\\index.ts","statementMap":{"0":{"start":{"line":11,"column":49},"end":{"line":15,"column":2}},"1":{"start":{"line":23,"column":20},"end":{"line":223,"column":1}},"2":{"start":{"line":24,"column":21},"end":{"line":24,"column":50}},"3":{"start":{"line":26,"column":41},"end":{"line":28,"column":8}},"4":{"start":{"line":29,"column":47},"end":{"line":31,"column":8}},"5":{"start":{"line":32,"column":28},"end":{"line":32,"column":73}},"6":{"start":{"line":34,"column":21},"end":{"line":34,"column":28}},"7":{"start":{"line":35,"column":29},"end":{"line":35,"column":42}},"8":{"start":{"line":45,"column":24},"end":{"line":72,"column":3}},"9":{"start":{"line":50,"column":4},"end":{"line":58,"column":null}},"10":{"start":{"line":51,"column":6},"end":{"line":53,"column":8}},"11":{"start":{"line":54,"column":11},"end":{"line":58,"column":null}},"12":{"start":{"line":55,"column":6},"end":{"line":57,"column":8}},"13":{"start":{"line":60,"column":14},"end":{"line":60,"column":48}},"14":{"start":{"line":61,"column":17},"end":{"line":61,"column":41}},"15":{"start":{"line":62,"column":21},"end":{"line":62,"column":31}},"16":{"start":{"line":63,"column":4},"end":{"line":63,"column":25}},"17":{"start":{"line":64,"column":4},"end":{"line":64,"column":39}},"18":{"start":{"line":66,"column":22},"end":{"line":66,"column":50}},"19":{"start":{"line":68,"column":4},"end":{"line":70,"column":null}},"20":{"start":{"line":69,"column":6},"end":{"line":69,"column":31}},"21":{"start":{"line":71,"column":4},"end":{"line":71,"column":23}},"22":{"start":{"line":74,"column":2},"end":{"line":222,"column":4}},"23":{"start":{"line":76,"column":6},"end":{"line":76,"column":26}},"24":{"start":{"line":80,"column":6},"end":{"line":80,"column":34}},"25":{"start":{"line":91,"column":15},"end":{"line":91,"column":55}},"26":{"start":{"line":92,"column":6},"end":{"line":94,"column":null}},"27":{"start":{"line":93,"column":8},"end":{"line":93,"column":54}},"28":{"start":{"line":95,"column":6},"end":{"line":95,"column":16}},"29":{"start":{"line":106,"column":15},"end":{"line":106,"column":56}},"30":{"start":{"line":107,"column":6},"end":{"line":109,"column":null}},"31":{"start":{"line":108,"column":8},"end":{"line":108,"column":54}},"32":{"start":{"line":110,"column":6},"end":{"line":110,"column":16}},"33":{"start":{"line":120,"column":18},"end":{"line":120,"column":46}},"34":{"start":{"line":121,"column":6},"end":{"line":145,"column":null}},"35":{"start":{"line":122,"column":36},"end":{"line":122,"column":38}},"36":{"start":{"line":123,"column":8},"end":{"line":143,"column":11}},"37":{"start":{"line":124,"column":19},"end":{"line":124,"column":44}},"38":{"start":{"line":125,"column":10},"end":{"line":127,"column":null}},"39":{"start":{"line":126,"column":12},"end":{"line":126,"column":47}},"40":{"start":{"line":129,"column":10},"end":{"line":142,"column":null}},"41":{"start":{"line":130,"column":12},"end":{"line":141,"column":15}},"42":{"start":{"line":130,"column":34},"end":{"line":141,"column":14}},"43":{"start":{"line":131,"column":14},"end":{"line":140,"column":null}},"44":{"start":{"line":132,"column":16},"end":{"line":132,"column":34}},"45":{"start":{"line":134,"column":35},"end":{"line":134,"column":66}},"46":{"start":{"line":135,"column":16},"end":{"line":139,"column":null}},"47":{"start":{"line":136,"column":18},"end":{"line":136,"column":58}},"48":{"start":{"line":138,"column":18},"end":{"line":138,"column":28}},"49":{"start":{"line":144,"column":8},"end":{"line":144,"column":45}},"50":{"start":{"line":155,"column":6},"end":{"line":155,"column":53}},"51":{"start":{"line":164,"column":16},"end":{"line":164,"column":69}},"52":{"start":{"line":165,"column":6},"end":{"line":182,"column":9}},"53":{"start":{"line":166,"column":52},"end":{"line":166,"column":65}},"54":{"start":{"line":167,"column":30},"end":{"line":167,"column":54}},"55":{"start":{"line":168,"column":26},"end":{"line":168,"column":48}},"56":{"start":{"line":170,"column":8},"end":{"line":176,"column":12}},"57":{"start":{"line":178,"column":8},"end":{"line":178,"column":70}},"58":{"start":{"line":180,"column":8},"end":{"line":181,"column":60}},"59":{"start":{"line":193,"column":6},"end":{"line":193,"column":59}},"60":{"start":{"line":203,"column":20},"end":{"line":203,"column":47}},"61":{"start":{"line":204,"column":6},"end":{"line":207,"column":null}},"62":{"start":{"line":205,"column":22},"end":{"line":205,"column":45}},"63":{"start":{"line":206,"column":8},"end":{"line":206,"column":41}},"64":{"start":{"line":216,"column":19},"end":{"line":216,"column":47}},"65":{"start":{"line":217,"column":6},"end":{"line":220,"column":null}},"66":{"start":{"line":218,"column":23},"end":{"line":218,"column":63}},"67":{"start":{"line":218,"column":42},"end":{"line":218,"column":62}},"68":{"start":{"line":219,"column":8},"end":{"line":219,"column":46}},"69":{"start":{"line":225,"column":0},"end":{"line":225,"column":27}}},"fnMap":{"0":{"name":"(anonymous_7)","decl":{"start":{"line":23,"column":20},"end":{"line":23,"column":30}},"loc":{"start":{"line":23,"column":56},"end":{"line":223,"column":1}}},"1":{"name":"(anonymous_8)","decl":{"start":{"line":45,"column":24},"end":{"line":45,"column":null}},"loc":{"start":{"line":48,"column":25},"end":{"line":72,"column":3}}},"2":{"name":"(anonymous_9)","decl":{"start":{"line":75,"column":4},"end":{"line":75,"column":8}},"loc":{"start":{"line":75,"column":35},"end":{"line":77,"column":5}}},"3":{"name":"(anonymous_10)","decl":{"start":{"line":79,"column":4},"end":{"line":79,"column":8}},"loc":{"start":{"line":79,"column":41},"end":{"line":81,"column":5}}},"4":{"name":"(anonymous_11)","decl":{"start":{"line":90,"column":4},"end":{"line":90,"column":8}},"loc":{"start":{"line":90,"column":49},"end":{"line":96,"column":5}}},"5":{"name":"(anonymous_12)","decl":{"start":{"line":105,"column":4},"end":{"line":105,"column":6}},"loc":{"start":{"line":105,"column":47},"end":{"line":111,"column":5}}},"6":{"name":"(anonymous_13)","decl":{"start":{"line":119,"column":4},"end":{"line":119,"column":8}},"loc":{"start":{"line":119,"column":46},"end":{"line":146,"column":5}}},"7":{"name":"(anonymous_14)","decl":{"start":{"line":123,"column":22},"end":{"line":123,"column":23}},"loc":{"start":{"line":123,"column":29},"end":{"line":143,"column":9}}},"8":{"name":"(anonymous_15)","decl":{"start":{"line":130,"column":23},"end":{"line":130,"column":32}},"loc":{"start":{"line":130,"column":34},"end":{"line":141,"column":14}}},"9":{"name":"(anonymous_16)","decl":{"start":{"line":130,"column":34},"end":{"line":130,"column":null}},"loc":{"start":{"line":130,"column":34},"end":{"line":141,"column":13}}},"10":{"name":"(anonymous_17)","decl":{"start":{"line":154,"column":4},"end":{"line":154,"column":22}},"loc":{"start":{"line":154,"column":45},"end":{"line":156,"column":5}}},"11":{"name":"(anonymous_18)","decl":{"start":{"line":163,"column":4},"end":{"line":163,"column":26}},"loc":{"start":{"line":163,"column":64},"end":{"line":183,"column":5}}},"12":{"name":"(anonymous_19)","decl":{"start":{"line":165,"column":18},"end":{"line":165,"column":19}},"loc":{"start":{"line":165,"column":25},"end":{"line":182,"column":7}}},"13":{"name":"(anonymous_20)","decl":{"start":{"line":192,"column":4},"end":{"line":192,"column":7}},"loc":{"start":{"line":192,"column":48},"end":{"line":194,"column":5}}},"14":{"name":"(anonymous_21)","decl":{"start":{"line":202,"column":4},"end":{"line":202,"column":23}},"loc":{"start":{"line":202,"column":64},"end":{"line":208,"column":5}}},"15":{"name":"(anonymous_22)","decl":{"start":{"line":215,"column":4},"end":{"line":215,"column":27}},"loc":{"start":{"line":215,"column":45},"end":{"line":221,"column":5}}},"16":{"name":"(anonymous_23)","decl":{"start":{"line":218,"column":34},"end":{"line":218,"column":35}},"loc":{"start":{"line":218,"column":42},"end":{"line":218,"column":62}}}},"branchMap":{"0":{"loc":{"start":{"line":23,"column":30},"end":{"line":23,"column":56}},"type":"default-arg","locations":[{"start":{"line":23,"column":54},"end":{"line":23,"column":56}}]},"1":{"loc":{"start":{"line":24,"column":21},"end":{"line":24,"column":50}},"type":"cond-expr","locations":[{"start":{"line":24,"column":38},"end":{"line":24,"column":42}},{"start":{"line":24,"column":45},"end":{"line":24,"column":50}}]},"2":{"loc":{"start":{"line":26,"column":41},"end":{"line":28,"column":8}},"type":"cond-expr","locations":[{"start":{"line":27,"column":6},"end":{"line":27,"column":35}},{"start":{"line":28,"column":6},"end":{"line":28,"column":8}}]},"3":{"loc":{"start":{"line":29,"column":47},"end":{"line":31,"column":8}},"type":"cond-expr","locations":[{"start":{"line":30,"column":6},"end":{"line":30,"column":43}},{"start":{"line":31,"column":6},"end":{"line":31,"column":8}}]},"4":{"loc":{"start":{"line":32,"column":28},"end":{"line":32,"column":73}},"type":"cond-expr","locations":[{"start":{"line":32,"column":41},"end":{"line":32,"column":68}},{"start":{"line":32,"column":71},"end":{"line":32,"column":73}}]},"5":{"loc":{"start":{"line":48,"column":4},"end":{"line":48,"column":25}},"type":"default-arg","locations":[{"start":{"line":48,"column":20},"end":{"line":48,"column":25}}]},"6":{"loc":{"start":{"line":50,"column":4},"end":{"line":58,"column":null}},"type":"if","locations":[{"start":{"line":50,"column":4},"end":{"line":58,"column":null}},{"start":{"line":54,"column":11},"end":{"line":58,"column":null}}]},"7":{"loc":{"start":{"line":54,"column":11},"end":{"line":58,"column":null}},"type":"if","locations":[{"start":{"line":54,"column":11},"end":{"line":58,"column":null}}]},"8":{"loc":{"start":{"line":60,"column":14},"end":{"line":60,"column":48}},"type":"cond-expr","locations":[{"start":{"line":60,"column":42},"end":{"line":60,"column":46}},{"start":{"line":60,"column":46},"end":{"line":60,"column":48}}]},"9":{"loc":{"start":{"line":60,"column":14},"end":{"line":60,"column":46}},"type":"binary-expr","locations":[{"start":{"line":60,"column":14},"end":{"line":60,"column":46}},{"start":{"line":60,"column":42},"end":{"line":60,"column":46}}]},"10":{"loc":{"start":{"line":68,"column":4},"end":{"line":70,"column":null}},"type":"if","locations":[{"start":{"line":68,"column":4},"end":{"line":70,"column":null}}]},"11":{"loc":{"start":{"line":92,"column":6},"end":{"line":94,"column":null}},"type":"if","locations":[{"start":{"line":92,"column":6},"end":{"line":94,"column":null}}]},"12":{"loc":{"start":{"line":107,"column":6},"end":{"line":109,"column":null}},"type":"if","locations":[{"start":{"line":107,"column":6},"end":{"line":109,"column":null}}]},"13":{"loc":{"start":{"line":121,"column":6},"end":{"line":145,"column":null}},"type":"if","locations":[{"start":{"line":121,"column":6},"end":{"line":145,"column":null}}]},"14":{"loc":{"start":{"line":121,"column":10},"end":{"line":121,"column":39}},"type":"binary-expr","locations":[{"start":{"line":121,"column":10},"end":{"line":121,"column":15}},{"start":{"line":121,"column":19},"end":{"line":121,"column":39}}]},"15":{"loc":{"start":{"line":125,"column":10},"end":{"line":127,"column":null}},"type":"if","locations":[{"start":{"line":125,"column":10},"end":{"line":127,"column":null}}]},"16":{"loc":{"start":{"line":129,"column":10},"end":{"line":142,"column":null}},"type":"if","locations":[{"start":{"line":129,"column":10},"end":{"line":142,"column":null}}]},"17":{"loc":{"start":{"line":135,"column":16},"end":{"line":139,"column":null}},"type":"if","locations":[{"start":{"line":135,"column":16},"end":{"line":139,"column":null}},{"start":{"line":137,"column":23},"end":{"line":139,"column":null}}]},"18":{"loc":{"start":{"line":135,"column":20},"end":{"line":135,"column":74}},"type":"binary-expr","locations":[{"start":{"line":135,"column":20},"end":{"line":135,"column":47}},{"start":{"line":135,"column":51},"end":{"line":135,"column":74}}]},"19":{"loc":{"start":{"line":164,"column":16},"end":{"line":164,"column":69}},"type":"cond-expr","locations":[{"start":{"line":164,"column":44},"end":{"line":164,"column":54}},{"start":{"line":164,"column":57},"end":{"line":164,"column":69}}]},"20":{"loc":{"start":{"line":170,"column":8},"end":{"line":175,"column":null}},"type":"binary-expr","locations":[{"start":{"line":170,"column":8},"end":{"line":170,"column":51}},{"start":{"line":171,"column":10},"end":{"line":171,"column":49}},{"start":{"line":172,"column":10},"end":{"line":172,"column":62}},{"start":{"line":173,"column":10},"end":{"line":175,"column":null}}]},"21":{"loc":{"start":{"line":178,"column":8},"end":{"line":178,"column":69}},"type":"binary-expr","locations":[{"start":{"line":178,"column":8},"end":{"line":178,"column":32}},{"start":{"line":178,"column":37},"end":{"line":178,"column":68}}]},"22":{"loc":{"start":{"line":180,"column":8},"end":{"line":181,"column":59}},"type":"binary-expr","locations":[{"start":{"line":180,"column":8},"end":{"line":180,"column":39}},{"start":{"line":181,"column":10},"end":{"line":181,"column":59}}]},"23":{"loc":{"start":{"line":204,"column":6},"end":{"line":207,"column":null}},"type":"if","locations":[{"start":{"line":204,"column":6},"end":{"line":207,"column":null}}]},"24":{"loc":{"start":{"line":217,"column":6},"end":{"line":220,"column":null}},"type":"if","locations":[{"start":{"line":217,"column":6},"end":{"line":220,"column":null}}]},"25":{"loc":{"start":{"line":217,"column":10},"end":{"line":217,"column":41}},"type":"binary-expr","locations":[{"start":{"line":217,"column":10},"end":{"line":217,"column":16}},{"start":{"line":217,"column":20},"end":{"line":217,"column":41}}]}},"s":{"0":1,"1":1,"2":1,"3":1,"4":1,"5":1,"6":1,"7":1,"8":1,"9":7,"10":0,"11":7,"12":0,"13":7,"14":7,"15":7,"16":7,"17":7,"18":7,"19":7,"20":1,"21":7,"22":1,"23":0,"24":0,"25":1,"26":1,"27":1,"28":1,"29":6,"30":6,"31":4,"32":6,"33":10,"34":10,"35":10,"36":10,"37":8,"38":8,"39":1,"40":8,"41":8,"42":8,"43":8,"44":8,"45":1,"46":1,"47":1,"48":0,"49":10,"50":2,"51":12,"52":12,"53":3,"54":3,"55":3,"56":3,"57":3,"58":3,"59":1,"60":1,"61":1,"62":1,"63":1,"64":0,"65":0,"66":0,"67":0,"68":0,"69":1},"f":{"0":1,"1":7,"2":0,"3":0,"4":1,"5":6,"6":10,"7":8,"8":8,"9":8,"10":2,"11":12,"12":3,"13":1,"14":1,"15":0,"16":0},"b":{"0":[0],"1":[1,0],"2":[1,0],"3":[1,0],"4":[1,0],"5":[0],"6":[0,7],"7":[0],"8":[0,7],"9":[7,7],"10":[1],"11":[1],"12":[4],"13":[10],"14":[10,10],"15":[1],"16":[8],"17":[1,0],"18":[1,1],"19":[10,2],"20":[3,3,3,3],"21":[3,3],"22":[3,1],"23":[1],"24":[0],"25":[0,0]}}
}
