{"D:\\my_projects\\PandaEvents\\dist\\index.js": {"path":"D:\\my_projects\\PandaEvents\\dist\\index.js","statementMap":{"0":{"start":{"line":2,"column":16},"end":{"line":10,"column":1}},"1":{"start":{"line":3,"column":28},"end":{"line":3,"column":110}},"2":{"start":{"line":3,"column":91},"end":{"line":3,"column":106}},"3":{"start":{"line":4,"column":4},"end":{"line":9,"column":7}},"4":{"start":{"line":5,"column":36},"end":{"line":5,"column":97}},"5":{"start":{"line":5,"column":42},"end":{"line":5,"column":70}},"6":{"start":{"line":5,"column":85},"end":{"line":5,"column":95}},"7":{"start":{"line":6,"column":35},"end":{"line":6,"column":100}},"8":{"start":{"line":6,"column":41},"end":{"line":6,"column":73}},"9":{"start":{"line":6,"column":88},"end":{"line":6,"column":98}},"10":{"start":{"line":7,"column":32},"end":{"line":7,"column":116}},"11":{"start":{"line":8,"column":8},"end":{"line":8,"column":78}},"12":{"start":{"line":11,"column":0},"end":{"line":11,"column":62}},"13":{"start":{"line":12,"column":28},"end":{"line":16,"column":1}},"14":{"start":{"line":23,"column":20},"end":{"line":188,"column":1}},"15":{"start":{"line":24,"column":23},"end":{"line":24,"column":52}},"16":{"start":{"line":25,"column":22},"end":{"line":27,"column":12}},"17":{"start":{"line":28,"column":30},"end":{"line":30,"column":12}},"18":{"start":{"line":31,"column":20},"end":{"line":31,"column":65}},"19":{"start":{"line":32,"column":23},"end":{"line":32,"column":30}},"20":{"start":{"line":41,"column":26},"end":{"line":59,"column":5}},"21":{"start":{"line":43,"column":8},"end":{"line":48,"column":9}},"22":{"start":{"line":44,"column":12},"end":{"line":44,"column":90}},"23":{"start":{"line":46,"column":13},"end":{"line":48,"column":9}},"24":{"start":{"line":47,"column":12},"end":{"line":47,"column":89}},"25":{"start":{"line":49,"column":18},"end":{"line":49,"column":89}},"26":{"start":{"line":50,"column":21},"end":{"line":50,"column":45}},"27":{"start":{"line":51,"column":25},"end":{"line":51,"column":35}},"28":{"start":{"line":52,"column":8},"end":{"line":52,"column":29}},"29":{"start":{"line":53,"column":8},"end":{"line":53,"column":43}},"30":{"start":{"line":54,"column":26},"end":{"line":54,"column":54}},"31":{"start":{"line":55,"column":8},"end":{"line":57,"column":9}},"32":{"start":{"line":56,"column":12},"end":{"line":56,"column":37}},"33":{"start":{"line":58,"column":8},"end":{"line":58,"column":27}},"34":{"start":{"line":60,"column":4},"end":{"line":187,"column":6}},"35":{"start":{"line":62,"column":12},"end":{"line":62,"column":32}},"36":{"start":{"line":72,"column":21},"end":{"line":72,"column":61}},"37":{"start":{"line":73,"column":12},"end":{"line":73,"column":58}},"38":{"start":{"line":74,"column":12},"end":{"line":74,"column":22}},"39":{"start":{"line":84,"column":21},"end":{"line":84,"column":62}},"40":{"start":{"line":85,"column":12},"end":{"line":85,"column":58}},"41":{"start":{"line":86,"column":12},"end":{"line":86,"column":22}},"42":{"start":{"line":95,"column":24},"end":{"line":95,"column":52}},"43":{"start":{"line":96,"column":12},"end":{"line":121,"column":13}},"44":{"start":{"line":97,"column":30},"end":{"line":97,"column":32}},"45":{"start":{"line":98,"column":16},"end":{"line":119,"column":19}},"46":{"start":{"line":99,"column":29},"end":{"line":99,"column":42}},"47":{"start":{"line":100,"column":20},"end":{"line":102,"column":21}},"48":{"start":{"line":101,"column":24},"end":{"line":101,"column":59}},"49":{"start":{"line":103,"column":20},"end":{"line":118,"column":21}},"50":{"start":{"line":104,"column":24},"end":{"line":117,"column":28}},"51":{"start":{"line":104,"column":41},"end":{"line":117,"column":26}},"52":{"start":{"line":105,"column":28},"end":{"line":116,"column":29}},"53":{"start":{"line":106,"column":32},"end":{"line":106,"column":50}},"54":{"start":{"line":109,"column":51},"end":{"line":109,"column":82}},"55":{"start":{"line":110,"column":32},"end":{"line":115,"column":33}},"56":{"start":{"line":111,"column":36},"end":{"line":111,"column":65}},"57":{"start":{"line":114,"column":36},"end":{"line":114,"column":46}},"58":{"start":{"line":120,"column":16},"end":{"line":120,"column":53}},"59":{"start":{"line":130,"column":12},"end":{"line":130,"column":59}},"60":{"start":{"line":138,"column":22},"end":{"line":138,"column":75}},"61":{"start":{"line":139,"column":12},"end":{"line":150,"column":15}},"62":{"start":{"line":140,"column":60},"end":{"line":140,"column":73}},"63":{"start":{"line":141,"column":38},"end":{"line":141,"column":62}},"64":{"start":{"line":142,"column":34},"end":{"line":142,"column":56}},"65":{"start":{"line":143,"column":16},"end":{"line":146,"column":112}},"66":{"start":{"line":147,"column":16},"end":{"line":147,"column":78}},"67":{"start":{"line":148,"column":16},"end":{"line":149,"column":70}},"68":{"start":{"line":160,"column":12},"end":{"line":160,"column":65}},"69":{"start":{"line":169,"column":26},"end":{"line":169,"column":53}},"70":{"start":{"line":170,"column":12},"end":{"line":173,"column":13}},"71":{"start":{"line":171,"column":30},"end":{"line":171,"column":53}},"72":{"start":{"line":172,"column":16},"end":{"line":172,"column":49}},"73":{"start":{"line":181,"column":25},"end":{"line":181,"column":53}},"74":{"start":{"line":182,"column":12},"end":{"line":185,"column":13}},"75":{"start":{"line":183,"column":31},"end":{"line":183,"column":71}},"76":{"start":{"line":183,"column":50},"end":{"line":183,"column":70}},"77":{"start":{"line":184,"column":16},"end":{"line":184,"column":54}},"78":{"start":{"line":189,"column":0},"end":{"line":189,"column":30}}},"fnMap":{"0":{"name":"(anonymous_0)","decl":{"start":{"line":2,"column":44},"end":{"line":2,"column":45}},"loc":{"start":{"line":2,"column":89},"end":{"line":10,"column":1}},"line":2},"1":{"name":"adopt","decl":{"start":{"line":3,"column":13},"end":{"line":3,"column":18}},"loc":{"start":{"line":3,"column":26},"end":{"line":3,"column":112}},"line":3},"2":{"name":"(anonymous_2)","decl":{"start":{"line":3,"column":70},"end":{"line":3,"column":71}},"loc":{"start":{"line":3,"column":89},"end":{"line":3,"column":108}},"line":3},"3":{"name":"(anonymous_3)","decl":{"start":{"line":4,"column":36},"end":{"line":4,"column":37}},"loc":{"start":{"line":4,"column":63},"end":{"line":9,"column":5}},"line":4},"4":{"name":"fulfilled","decl":{"start":{"line":5,"column":17},"end":{"line":5,"column":26}},"loc":{"start":{"line":5,"column":34},"end":{"line":5,"column":99}},"line":5},"5":{"name":"rejected","decl":{"start":{"line":6,"column":17},"end":{"line":6,"column":25}},"loc":{"start":{"line":6,"column":33},"end":{"line":6,"column":102}},"line":6},"6":{"name":"step","decl":{"start":{"line":7,"column":17},"end":{"line":7,"column":21}},"loc":{"start":{"line":7,"column":30},"end":{"line":7,"column":118}},"line":7},"7":{"name":"(anonymous_7)","decl":{"start":{"line":23,"column":20},"end":{"line":23,"column":21}},"loc":{"start":{"line":23,"column":44},"end":{"line":188,"column":1}},"line":23},"8":{"name":"(anonymous_8)","decl":{"start":{"line":41,"column":26},"end":{"line":41,"column":27}},"loc":{"start":{"line":41,"column":71},"end":{"line":59,"column":5}},"line":41},"9":{"name":"(anonymous_9)","decl":{"start":{"line":61,"column":8},"end":{"line":61,"column":9}},"loc":{"start":{"line":61,"column":33},"end":{"line":63,"column":9}},"line":61},"10":{"name":"(anonymous_10)","decl":{"start":{"line":71,"column":8},"end":{"line":71,"column":9}},"loc":{"start":{"line":71,"column":34},"end":{"line":75,"column":9}},"line":71},"11":{"name":"(anonymous_11)","decl":{"start":{"line":83,"column":8},"end":{"line":83,"column":9}},"loc":{"start":{"line":83,"column":32},"end":{"line":87,"column":9}},"line":83},"12":{"name":"(anonymous_12)","decl":{"start":{"line":94,"column":8},"end":{"line":94,"column":9}},"loc":{"start":{"line":94,"column":33},"end":{"line":122,"column":9}},"line":94},"13":{"name":"(anonymous_13)","decl":{"start":{"line":98,"column":30},"end":{"line":98,"column":31}},"loc":{"start":{"line":98,"column":38},"end":{"line":119,"column":17}},"line":98},"14":{"name":"(anonymous_14)","decl":{"start":{"line":104,"column":35},"end":{"line":104,"column":36}},"loc":{"start":{"line":104,"column":41},"end":{"line":117,"column":26}},"line":104},"15":{"name":"(anonymous_15)","decl":{"start":{"line":104,"column":73},"end":{"line":104,"column":74}},"loc":{"start":{"line":104,"column":86},"end":{"line":117,"column":25}},"line":104},"16":{"name":"(anonymous_16)","decl":{"start":{"line":129,"column":8},"end":{"line":129,"column":9}},"loc":{"start":{"line":129,"column":39},"end":{"line":131,"column":9}},"line":129},"17":{"name":"(anonymous_17)","decl":{"start":{"line":137,"column":8},"end":{"line":137,"column":9}},"loc":{"start":{"line":137,"column":43},"end":{"line":151,"column":9}},"line":137},"18":{"name":"(anonymous_18)","decl":{"start":{"line":139,"column":24},"end":{"line":139,"column":25}},"loc":{"start":{"line":139,"column":32},"end":{"line":150,"column":13}},"line":139},"19":{"name":"(anonymous_19)","decl":{"start":{"line":159,"column":8},"end":{"line":159,"column":9}},"loc":{"start":{"line":159,"column":33},"end":{"line":161,"column":9}},"line":159},"20":{"name":"(anonymous_20)","decl":{"start":{"line":168,"column":8},"end":{"line":168,"column":9}},"loc":{"start":{"line":168,"column":49},"end":{"line":174,"column":9}},"line":168},"21":{"name":"(anonymous_21)","decl":{"start":{"line":180,"column":8},"end":{"line":180,"column":9}},"loc":{"start":{"line":180,"column":43},"end":{"line":186,"column":9}},"line":180},"22":{"name":"(anonymous_22)","decl":{"start":{"line":183,"column":42},"end":{"line":183,"column":43}},"loc":{"start":{"line":183,"column":50},"end":{"line":183,"column":70}},"line":183}},"branchMap":{"0":{"loc":{"start":{"line":2,"column":16},"end":{"line":10,"column":1}},"type":"binary-expr","locations":[{"start":{"line":2,"column":17},"end":{"line":2,"column":21}},{"start":{"line":2,"column":25},"end":{"line":2,"column":39}},{"start":{"line":2,"column":44},"end":{"line":10,"column":1}}],"line":2},"1":{"loc":{"start":{"line":3,"column":35},"end":{"line":3,"column":109}},"type":"cond-expr","locations":[{"start":{"line":3,"column":56},"end":{"line":3,"column":61}},{"start":{"line":3,"column":64},"end":{"line":3,"column":109}}],"line":3},"2":{"loc":{"start":{"line":4,"column":16},"end":{"line":4,"column":34}},"type":"binary-expr","locations":[{"start":{"line":4,"column":16},"end":{"line":4,"column":17}},{"start":{"line":4,"column":22},"end":{"line":4,"column":33}}],"line":4},"3":{"loc":{"start":{"line":7,"column":32},"end":{"line":7,"column":115}},"type":"cond-expr","locations":[{"start":{"line":7,"column":46},"end":{"line":7,"column":67}},{"start":{"line":7,"column":70},"end":{"line":7,"column":115}}],"line":7},"4":{"loc":{"start":{"line":8,"column":51},"end":{"line":8,"column":67}},"type":"binary-expr","locations":[{"start":{"line":8,"column":51},"end":{"line":8,"column":61}},{"start":{"line":8,"column":65},"end":{"line":8,"column":67}}],"line":8},"5":{"loc":{"start":{"line":23,"column":30},"end":{"line":23,"column":42}},"type":"default-arg","locations":[{"start":{"line":23,"column":40},"end":{"line":23,"column":42}}],"line":23},"6":{"loc":{"start":{"line":24,"column":23},"end":{"line":24,"column":52}},"type":"cond-expr","locations":[{"start":{"line":24,"column":40},"end":{"line":24,"column":44}},{"start":{"line":24,"column":47},"end":{"line":24,"column":52}}],"line":24},"7":{"loc":{"start":{"line":25,"column":22},"end":{"line":27,"column":12}},"type":"cond-expr","locations":[{"start":{"line":26,"column":10},"end":{"line":26,"column":39}},{"start":{"line":27,"column":10},"end":{"line":27,"column":12}}],"line":25},"8":{"loc":{"start":{"line":28,"column":30},"end":{"line":30,"column":12}},"type":"cond-expr","locations":[{"start":{"line":29,"column":10},"end":{"line":29,"column":47}},{"start":{"line":30,"column":10},"end":{"line":30,"column":12}}],"line":28},"9":{"loc":{"start":{"line":31,"column":20},"end":{"line":31,"column":65}},"type":"cond-expr","locations":[{"start":{"line":31,"column":33},"end":{"line":31,"column":60}},{"start":{"line":31,"column":63},"end":{"line":31,"column":65}}],"line":31},"10":{"loc":{"start":{"line":41,"column":57},"end":{"line":41,"column":69}},"type":"default-arg","locations":[{"start":{"line":41,"column":64},"end":{"line":41,"column":69}}],"line":41},"11":{"loc":{"start":{"line":43,"column":8},"end":{"line":48,"column":9}},"type":"if","locations":[{"start":{"line":43,"column":8},"end":{"line":48,"column":9}},{"start":{"line":46,"column":13},"end":{"line":48,"column":9}}],"line":43},"12":{"loc":{"start":{"line":46,"column":13},"end":{"line":48,"column":9}},"type":"if","locations":[{"start":{"line":46,"column":13},"end":{"line":48,"column":9}},{"start":{},"end":{}}],"line":46},"13":{"loc":{"start":{"line":49,"column":18},"end":{"line":49,"column":89}},"type":"cond-expr","locations":[{"start":{"line":49,"column":82},"end":{"line":49,"column":84}},{"start":{"line":49,"column":87},"end":{"line":49,"column":89}}],"line":49},"14":{"loc":{"start":{"line":49,"column":18},"end":{"line":49,"column":79}},"type":"binary-expr","locations":[{"start":{"line":49,"column":18},"end":{"line":49,"column":62}},{"start":{"line":49,"column":66},"end":{"line":49,"column":79}}],"line":49},"15":{"loc":{"start":{"line":55,"column":8},"end":{"line":57,"column":9}},"type":"if","locations":[{"start":{"line":55,"column":8},"end":{"line":57,"column":9}},{"start":{},"end":{}}],"line":55},"16":{"loc":{"start":{"line":96,"column":12},"end":{"line":121,"column":13}},"type":"if","locations":[{"start":{"line":96,"column":12},"end":{"line":121,"column":13}},{"start":{},"end":{}}],"line":96},"17":{"loc":{"start":{"line":96,"column":16},"end":{"line":96,"column":45}},"type":"binary-expr","locations":[{"start":{"line":96,"column":16},"end":{"line":96,"column":21}},{"start":{"line":96,"column":25},"end":{"line":96,"column":45}}],"line":96},"18":{"loc":{"start":{"line":100,"column":20},"end":{"line":102,"column":21}},"type":"if","locations":[{"start":{"line":100,"column":20},"end":{"line":102,"column":21}},{"start":{},"end":{}}],"line":100},"19":{"loc":{"start":{"line":103,"column":20},"end":{"line":118,"column":21}},"type":"if","locations":[{"start":{"line":103,"column":20},"end":{"line":118,"column":21}},{"start":{},"end":{}}],"line":103},"20":{"loc":{"start":{"line":110,"column":32},"end":{"line":115,"column":33}},"type":"if","locations":[{"start":{"line":110,"column":32},"end":{"line":115,"column":33}},{"start":{"line":113,"column":37},"end":{"line":115,"column":33}}],"line":110},"21":{"loc":{"start":{"line":110,"column":36},"end":{"line":110,"column":90}},"type":"binary-expr","locations":[{"start":{"line":110,"column":36},"end":{"line":110,"column":63}},{"start":{"line":110,"column":67},"end":{"line":110,"column":90}}],"line":110},"22":{"loc":{"start":{"line":138,"column":22},"end":{"line":138,"column":75}},"type":"cond-expr","locations":[{"start":{"line":138,"column":50},"end":{"line":138,"column":60}},{"start":{"line":138,"column":63},"end":{"line":138,"column":75}}],"line":138},"23":{"loc":{"start":{"line":143,"column":16},"end":{"line":146,"column":111}},"type":"binary-expr","locations":[{"start":{"line":143,"column":16},"end":{"line":143,"column":59}},{"start":{"line":144,"column":20},"end":{"line":144,"column":59}},{"start":{"line":145,"column":20},"end":{"line":145,"column":72}},{"start":{"line":146,"column":20},"end":{"line":146,"column":111}}],"line":143},"24":{"loc":{"start":{"line":147,"column":16},"end":{"line":147,"column":77}},"type":"binary-expr","locations":[{"start":{"line":147,"column":16},"end":{"line":147,"column":40}},{"start":{"line":147,"column":45},"end":{"line":147,"column":76}}],"line":147},"25":{"loc":{"start":{"line":148,"column":16},"end":{"line":149,"column":69}},"type":"binary-expr","locations":[{"start":{"line":148,"column":16},"end":{"line":148,"column":47}},{"start":{"line":149,"column":20},"end":{"line":149,"column":69}}],"line":148},"26":{"loc":{"start":{"line":170,"column":12},"end":{"line":173,"column":13}},"type":"if","locations":[{"start":{"line":170,"column":12},"end":{"line":173,"column":13}},{"start":{},"end":{}}],"line":170},"27":{"loc":{"start":{"line":182,"column":12},"end":{"line":185,"column":13}},"type":"if","locations":[{"start":{"line":182,"column":12},"end":{"line":185,"column":13}},{"start":{},"end":{}}],"line":182},"28":{"loc":{"start":{"line":182,"column":16},"end":{"line":182,"column":47}},"type":"binary-expr","locations":[{"start":{"line":182,"column":16},"end":{"line":182,"column":22}},{"start":{"line":182,"column":26},"end":{"line":182,"column":47}}],"line":182}},"s":{"0":1,"1":0,"2":0,"3":2,"4":0,"5":0,"6":0,"7":0,"8":0,"9":0,"10":0,"11":2,"12":1,"13":1,"14":1,"15":1,"16":1,"17":1,"18":1,"19":1,"20":1,"21":2,"22":0,"23":2,"24":0,"25":2,"26":2,"27":2,"28":2,"29":2,"30":2,"31":2,"32":0,"33":2,"34":1,"35":0,"36":0,"37":0,"38":0,"39":2,"40":2,"41":2,"42":2,"43":2,"44":2,"45":2,"46":2,"47":2,"48":0,"49":2,"50":2,"51":2,"52":2,"53":2,"54":2,"55":2,"56":0,"57":2,"58":2,"59":0,"60":2,"61":2,"62":0,"63":0,"64":0,"65":0,"66":0,"67":0,"68":0,"69":0,"70":0,"71":0,"72":0,"73":0,"74":0,"75":0,"76":0,"77":0,"78":1},"f":{"0":2,"1":0,"2":0,"3":2,"4":0,"5":0,"6":0,"7":1,"8":2,"9":0,"10":0,"11":2,"12":2,"13":2,"14":2,"15":2,"16":0,"17":2,"18":0,"19":0,"20":0,"21":0,"22":0},"b":{"0":[1,1,1],"1":[0,0],"2":[2,2],"3":[0,0],"4":[2,2],"5":[0],"6":[1,0],"7":[1,0],"8":[1,0],"9":[1,0],"10":[0],"11":[0,2],"12":[0,2],"13":[0,2],"14":[2,2],"15":[0,2],"16":[2,0],"17":[2,2],"18":[0,2],"19":[2,0],"20":[0,2],"21":[2,0],"22":[2,0],"23":[0,0,0,0],"24":[0,0],"25":[0,0],"26":[0,0],"27":[0,0],"28":[0,0]},"inputSourceMap":null,"_coverageSchema":"1a1c01bbd47fc00a2c39e90264f33305004495a9","hash":"1932db7d5008f8e567739446147831e5aac1c9aa"}
,"D:\\my_projects\\PandaEvents\\src\\index.ts": {"path":"D:\\my_projects\\PandaEvents\\src\\index.ts","statementMap":{"0":{"start":{"line":11,"column":49},"end":{"line":15,"column":2}},"1":{"start":{"line":23,"column":20},"end":{"line":214,"column":1}},"2":{"start":{"line":24,"column":21},"end":{"line":24,"column":50}},"3":{"start":{"line":26,"column":41},"end":{"line":28,"column":8}},"4":{"start":{"line":29,"column":47},"end":{"line":31,"column":8}},"5":{"start":{"line":32,"column":28},"end":{"line":32,"column":73}},"6":{"start":{"line":34,"column":21},"end":{"line":34,"column":28}},"7":{"start":{"line":44,"column":24},"end":{"line":71,"column":3}},"8":{"start":{"line":49,"column":4},"end":{"line":57,"column":null}},"9":{"start":{"line":50,"column":6},"end":{"line":52,"column":8}},"10":{"start":{"line":53,"column":11},"end":{"line":57,"column":null}},"11":{"start":{"line":54,"column":6},"end":{"line":56,"column":8}},"12":{"start":{"line":59,"column":14},"end":{"line":59,"column":48}},"13":{"start":{"line":60,"column":17},"end":{"line":60,"column":41}},"14":{"start":{"line":61,"column":21},"end":{"line":61,"column":31}},"15":{"start":{"line":62,"column":4},"end":{"line":62,"column":25}},"16":{"start":{"line":63,"column":4},"end":{"line":63,"column":39}},"17":{"start":{"line":65,"column":22},"end":{"line":65,"column":50}},"18":{"start":{"line":67,"column":4},"end":{"line":69,"column":null}},"19":{"start":{"line":68,"column":6},"end":{"line":68,"column":31}},"20":{"start":{"line":70,"column":4},"end":{"line":70,"column":23}},"21":{"start":{"line":73,"column":2},"end":{"line":213,"column":4}},"22":{"start":{"line":75,"column":6},"end":{"line":75,"column":26}},"23":{"start":{"line":86,"column":15},"end":{"line":86,"column":55}},"24":{"start":{"line":87,"column":6},"end":{"line":87,"column":52}},"25":{"start":{"line":88,"column":6},"end":{"line":88,"column":16}},"26":{"start":{"line":99,"column":15},"end":{"line":99,"column":56}},"27":{"start":{"line":100,"column":6},"end":{"line":100,"column":52}},"28":{"start":{"line":101,"column":6},"end":{"line":101,"column":16}},"29":{"start":{"line":111,"column":18},"end":{"line":111,"column":46}},"30":{"start":{"line":112,"column":6},"end":{"line":136,"column":null}},"31":{"start":{"line":113,"column":36},"end":{"line":113,"column":38}},"32":{"start":{"line":114,"column":8},"end":{"line":134,"column":11}},"33":{"start":{"line":115,"column":19},"end":{"line":115,"column":44}},"34":{"start":{"line":116,"column":10},"end":{"line":118,"column":null}},"35":{"start":{"line":117,"column":12},"end":{"line":117,"column":47}},"36":{"start":{"line":120,"column":10},"end":{"line":133,"column":null}},"37":{"start":{"line":121,"column":12},"end":{"line":132,"column":15}},"38":{"start":{"line":121,"column":34},"end":{"line":132,"column":14}},"39":{"start":{"line":122,"column":14},"end":{"line":131,"column":null}},"40":{"start":{"line":123,"column":16},"end":{"line":123,"column":34}},"41":{"start":{"line":125,"column":35},"end":{"line":125,"column":66}},"42":{"start":{"line":126,"column":16},"end":{"line":130,"column":null}},"43":{"start":{"line":127,"column":18},"end":{"line":127,"column":47}},"44":{"start":{"line":129,"column":18},"end":{"line":129,"column":28}},"45":{"start":{"line":135,"column":8},"end":{"line":135,"column":45}},"46":{"start":{"line":146,"column":6},"end":{"line":146,"column":53}},"47":{"start":{"line":155,"column":16},"end":{"line":155,"column":69}},"48":{"start":{"line":156,"column":6},"end":{"line":173,"column":9}},"49":{"start":{"line":157,"column":52},"end":{"line":157,"column":65}},"50":{"start":{"line":158,"column":30},"end":{"line":158,"column":54}},"51":{"start":{"line":159,"column":26},"end":{"line":159,"column":48}},"52":{"start":{"line":161,"column":8},"end":{"line":167,"column":12}},"53":{"start":{"line":169,"column":8},"end":{"line":169,"column":70}},"54":{"start":{"line":171,"column":8},"end":{"line":172,"column":60}},"55":{"start":{"line":184,"column":6},"end":{"line":184,"column":59}},"56":{"start":{"line":194,"column":20},"end":{"line":194,"column":47}},"57":{"start":{"line":195,"column":6},"end":{"line":198,"column":null}},"58":{"start":{"line":196,"column":22},"end":{"line":196,"column":45}},"59":{"start":{"line":197,"column":8},"end":{"line":197,"column":41}},"60":{"start":{"line":207,"column":19},"end":{"line":207,"column":47}},"61":{"start":{"line":208,"column":6},"end":{"line":211,"column":null}},"62":{"start":{"line":209,"column":23},"end":{"line":209,"column":63}},"63":{"start":{"line":209,"column":42},"end":{"line":209,"column":62}},"64":{"start":{"line":210,"column":8},"end":{"line":210,"column":46}},"65":{"start":{"line":216,"column":0},"end":{"line":216,"column":27}}},"fnMap":{"0":{"name":"(anonymous_7)","decl":{"start":{"line":23,"column":20},"end":{"line":23,"column":30}},"loc":{"start":{"line":23,"column":56},"end":{"line":214,"column":1}}},"1":{"name":"(anonymous_8)","decl":{"start":{"line":44,"column":24},"end":{"line":44,"column":null}},"loc":{"start":{"line":47,"column":25},"end":{"line":71,"column":3}}},"2":{"name":"(anonymous_9)","decl":{"start":{"line":74,"column":4},"end":{"line":74,"column":8}},"loc":{"start":{"line":74,"column":35},"end":{"line":76,"column":5}}},"3":{"name":"(anonymous_10)","decl":{"start":{"line":85,"column":4},"end":{"line":85,"column":8}},"loc":{"start":{"line":85,"column":49},"end":{"line":89,"column":5}}},"4":{"name":"(anonymous_11)","decl":{"start":{"line":98,"column":4},"end":{"line":98,"column":6}},"loc":{"start":{"line":98,"column":47},"end":{"line":102,"column":5}}},"5":{"name":"(anonymous_12)","decl":{"start":{"line":110,"column":4},"end":{"line":110,"column":8}},"loc":{"start":{"line":110,"column":46},"end":{"line":137,"column":5}}},"6":{"name":"(anonymous_13)","decl":{"start":{"line":114,"column":22},"end":{"line":114,"column":23}},"loc":{"start":{"line":114,"column":29},"end":{"line":134,"column":9}}},"7":{"name":"(anonymous_14)","decl":{"start":{"line":121,"column":23},"end":{"line":121,"column":32}},"loc":{"start":{"line":121,"column":34},"end":{"line":132,"column":14}}},"8":{"name":"(anonymous_15)","decl":{"start":{"line":121,"column":34},"end":{"line":121,"column":null}},"loc":{"start":{"line":121,"column":34},"end":{"line":132,"column":13}}},"9":{"name":"(anonymous_16)","decl":{"start":{"line":145,"column":4},"end":{"line":145,"column":22}},"loc":{"start":{"line":145,"column":45},"end":{"line":147,"column":5}}},"10":{"name":"(anonymous_17)","decl":{"start":{"line":154,"column":4},"end":{"line":154,"column":26}},"loc":{"start":{"line":154,"column":64},"end":{"line":174,"column":5}}},"11":{"name":"(anonymous_18)","decl":{"start":{"line":156,"column":18},"end":{"line":156,"column":19}},"loc":{"start":{"line":156,"column":25},"end":{"line":173,"column":7}}},"12":{"name":"(anonymous_19)","decl":{"start":{"line":183,"column":4},"end":{"line":183,"column":7}},"loc":{"start":{"line":183,"column":48},"end":{"line":185,"column":5}}},"13":{"name":"(anonymous_20)","decl":{"start":{"line":193,"column":4},"end":{"line":193,"column":23}},"loc":{"start":{"line":193,"column":64},"end":{"line":199,"column":5}}},"14":{"name":"(anonymous_21)","decl":{"start":{"line":206,"column":4},"end":{"line":206,"column":27}},"loc":{"start":{"line":206,"column":45},"end":{"line":212,"column":5}}},"15":{"name":"(anonymous_22)","decl":{"start":{"line":209,"column":34},"end":{"line":209,"column":35}},"loc":{"start":{"line":209,"column":42},"end":{"line":209,"column":62}}}},"branchMap":{"0":{"loc":{"start":{"line":23,"column":30},"end":{"line":23,"column":56}},"type":"default-arg","locations":[{"start":{"line":23,"column":54},"end":{"line":23,"column":56}}]},"1":{"loc":{"start":{"line":24,"column":21},"end":{"line":24,"column":50}},"type":"cond-expr","locations":[{"start":{"line":24,"column":38},"end":{"line":24,"column":42}},{"start":{"line":24,"column":45},"end":{"line":24,"column":50}}]},"2":{"loc":{"start":{"line":26,"column":41},"end":{"line":28,"column":8}},"type":"cond-expr","locations":[{"start":{"line":27,"column":6},"end":{"line":27,"column":35}},{"start":{"line":28,"column":6},"end":{"line":28,"column":8}}]},"3":{"loc":{"start":{"line":29,"column":47},"end":{"line":31,"column":8}},"type":"cond-expr","locations":[{"start":{"line":30,"column":6},"end":{"line":30,"column":43}},{"start":{"line":31,"column":6},"end":{"line":31,"column":8}}]},"4":{"loc":{"start":{"line":32,"column":28},"end":{"line":32,"column":73}},"type":"cond-expr","locations":[{"start":{"line":32,"column":41},"end":{"line":32,"column":68}},{"start":{"line":32,"column":71},"end":{"line":32,"column":73}}]},"5":{"loc":{"start":{"line":47,"column":4},"end":{"line":47,"column":25}},"type":"default-arg","locations":[{"start":{"line":47,"column":20},"end":{"line":47,"column":25}}]},"6":{"loc":{"start":{"line":49,"column":4},"end":{"line":57,"column":null}},"type":"if","locations":[{"start":{"line":49,"column":4},"end":{"line":57,"column":null}},{"start":{"line":53,"column":11},"end":{"line":57,"column":null}}]},"7":{"loc":{"start":{"line":53,"column":11},"end":{"line":57,"column":null}},"type":"if","locations":[{"start":{"line":53,"column":11},"end":{"line":57,"column":null}}]},"8":{"loc":{"start":{"line":59,"column":14},"end":{"line":59,"column":48}},"type":"cond-expr","locations":[{"start":{"line":59,"column":42},"end":{"line":59,"column":46}},{"start":{"line":59,"column":46},"end":{"line":59,"column":48}}]},"9":{"loc":{"start":{"line":59,"column":14},"end":{"line":59,"column":46}},"type":"binary-expr","locations":[{"start":{"line":59,"column":14},"end":{"line":59,"column":46}},{"start":{"line":59,"column":42},"end":{"line":59,"column":46}}]},"10":{"loc":{"start":{"line":67,"column":4},"end":{"line":69,"column":null}},"type":"if","locations":[{"start":{"line":67,"column":4},"end":{"line":69,"column":null}}]},"11":{"loc":{"start":{"line":112,"column":6},"end":{"line":136,"column":null}},"type":"if","locations":[{"start":{"line":112,"column":6},"end":{"line":136,"column":null}}]},"12":{"loc":{"start":{"line":112,"column":10},"end":{"line":112,"column":39}},"type":"binary-expr","locations":[{"start":{"line":112,"column":10},"end":{"line":112,"column":15}},{"start":{"line":112,"column":19},"end":{"line":112,"column":39}}]},"13":{"loc":{"start":{"line":116,"column":10},"end":{"line":118,"column":null}},"type":"if","locations":[{"start":{"line":116,"column":10},"end":{"line":118,"column":null}}]},"14":{"loc":{"start":{"line":120,"column":10},"end":{"line":133,"column":null}},"type":"if","locations":[{"start":{"line":120,"column":10},"end":{"line":133,"column":null}}]},"15":{"loc":{"start":{"line":126,"column":16},"end":{"line":130,"column":null}},"type":"if","locations":[{"start":{"line":126,"column":16},"end":{"line":130,"column":null}},{"start":{"line":128,"column":23},"end":{"line":130,"column":null}}]},"16":{"loc":{"start":{"line":126,"column":20},"end":{"line":126,"column":74}},"type":"binary-expr","locations":[{"start":{"line":126,"column":20},"end":{"line":126,"column":47}},{"start":{"line":126,"column":51},"end":{"line":126,"column":74}}]},"17":{"loc":{"start":{"line":155,"column":16},"end":{"line":155,"column":69}},"type":"cond-expr","locations":[{"start":{"line":155,"column":44},"end":{"line":155,"column":54}},{"start":{"line":155,"column":57},"end":{"line":155,"column":69}}]},"18":{"loc":{"start":{"line":161,"column":8},"end":{"line":166,"column":null}},"type":"binary-expr","locations":[{"start":{"line":161,"column":8},"end":{"line":161,"column":51}},{"start":{"line":162,"column":10},"end":{"line":162,"column":49}},{"start":{"line":163,"column":10},"end":{"line":163,"column":62}},{"start":{"line":164,"column":10},"end":{"line":166,"column":null}}]},"19":{"loc":{"start":{"line":169,"column":8},"end":{"line":169,"column":69}},"type":"binary-expr","locations":[{"start":{"line":169,"column":8},"end":{"line":169,"column":32}},{"start":{"line":169,"column":37},"end":{"line":169,"column":68}}]},"20":{"loc":{"start":{"line":171,"column":8},"end":{"line":172,"column":59}},"type":"binary-expr","locations":[{"start":{"line":171,"column":8},"end":{"line":171,"column":39}},{"start":{"line":172,"column":10},"end":{"line":172,"column":59}}]},"21":{"loc":{"start":{"line":195,"column":6},"end":{"line":198,"column":null}},"type":"if","locations":[{"start":{"line":195,"column":6},"end":{"line":198,"column":null}}]},"22":{"loc":{"start":{"line":208,"column":6},"end":{"line":211,"column":null}},"type":"if","locations":[{"start":{"line":208,"column":6},"end":{"line":211,"column":null}}]},"23":{"loc":{"start":{"line":208,"column":10},"end":{"line":208,"column":41}},"type":"binary-expr","locations":[{"start":{"line":208,"column":10},"end":{"line":208,"column":16}},{"start":{"line":208,"column":20},"end":{"line":208,"column":41}}]}},"s":{"0":1,"1":1,"2":1,"3":1,"4":1,"5":1,"6":1,"7":1,"8":2,"9":0,"10":2,"11":0,"12":2,"13":2,"14":2,"15":2,"16":2,"17":2,"18":2,"19":0,"20":2,"21":1,"22":0,"23":0,"24":0,"25":0,"26":2,"27":2,"28":2,"29":2,"30":2,"31":2,"32":2,"33":2,"34":2,"35":0,"36":2,"37":2,"38":2,"39":2,"40":2,"41":2,"42":2,"43":0,"44":2,"45":2,"46":0,"47":2,"48":2,"49":0,"50":0,"51":0,"52":0,"53":0,"54":0,"55":0,"56":0,"57":0,"58":0,"59":0,"60":0,"61":0,"62":0,"63":0,"64":0,"65":1},"f":{"0":1,"1":2,"2":0,"3":0,"4":2,"5":2,"6":2,"7":2,"8":2,"9":0,"10":2,"11":0,"12":0,"13":0,"14":0,"15":0},"b":{"0":[0],"1":[1,0],"2":[1,0],"3":[1,0],"4":[1,0],"5":[0],"6":[0,2],"7":[0],"8":[0,2],"9":[2,2],"10":[0],"11":[2],"12":[2,2],"13":[0],"14":[2],"15":[0,2],"16":[2,0],"17":[2,0],"18":[0,0,0,0],"19":[0,0],"20":[0,0],"21":[0],"22":[0],"23":[0,0]}}
}
