TN:
SF:dist\index.js
FN:2,(anonymous_0)
FN:3,adopt
FN:3,(anonymous_2)
FN:4,(anonymous_3)
FN:5,fulfilled
FN:6,rejected
FN:7,step
FN:11,(anonymous_7)
FN:17,(anonymous_8)
FN:37,(anonymous_9)
FN:56,(anonymous_10)
FN:62,(anonymous_11)
FN:68,(anonymous_12)
FN:78,(anonymous_13)
FN:92,(anonymous_14)
FN:105,(anonymous_15)
FN:109,(anonymous_16)
FN:115,(anonymous_17)
FN:115,(anonymous_18)
FN:140,(anonymous_19)
FN:148,(anonymous_20)
FN:150,(anonymous_21)
FN:170,(anonymous_22)
FN:179,(anonymous_23)
FN:191,(anonymous_24)
FN:194,(anonymous_25)
FN:200,_PandaEvents_execOnAndOnce
FN:219,pandaEvents
FNF:28
FNH:22
FNDA:16,(anonymous_0)
FNDA:14,adopt
FNDA:14,(anonymous_2)
FNDA:16,(anonymous_3)
FNDA:14,fulfilled
FNDA:0,rejected
FNDA:30,step
FNDA:8,(anonymous_7)
FNDA:204,(anonymous_8)
FNDA:2,(anonymous_9)
FNDA:0,(anonymous_10)
FNDA:0,(anonymous_11)
FNDA:0,(anonymous_12)
FNDA:2,(anonymous_13)
FNDA:12,(anonymous_14)
FNDA:20,(anonymous_15)
FNDA:16,(anonymous_16)
FNDA:16,(anonymous_17)
FNDA:16,(anonymous_18)
FNDA:4,(anonymous_19)
FNDA:24,(anonymous_20)
FNDA:6,(anonymous_21)
FNDA:2,(anonymous_22)
FNDA:2,(anonymous_23)
FNDA:0,(anonymous_24)
FNDA:0,(anonymous_25)
FNDA:14,_PandaEvents_execOnAndOnce
FNDA:1,pandaEvents
DA:2,1
DA:3,14
DA:4,16
DA:5,14
DA:6,0
DA:7,30
DA:8,16
DA:11,1
DA:12,8
DA:13,8
DA:14,8
DA:15,8
DA:17,1
DA:18,204
DA:19,204
DA:20,204
DA:23,1
DA:24,1
DA:25,1
DA:38,2
DA:39,2
DA:40,2
DA:41,2
DA:42,2
DA:43,2
DA:44,2
DA:45,2
DA:46,2
DA:47,2
DA:48,2
DA:51,2
DA:57,0
DA:63,0
DA:69,0
DA:79,2
DA:80,2
DA:81,2
DA:83,2
DA:93,12
DA:94,12
DA:95,8
DA:97,12
DA:106,20
DA:107,20
DA:108,20
DA:109,20
DA:110,16
DA:111,16
DA:112,2
DA:114,16
DA:115,16
DA:116,16
DA:117,16
DA:120,2
DA:121,2
DA:122,2
DA:125,0
DA:131,20
DA:141,4
DA:149,24
DA:150,24
DA:151,6
DA:152,6
DA:153,6
DA:154,6
DA:158,6
DA:159,6
DA:171,2
DA:180,2
DA:181,2
DA:182,2
DA:183,2
DA:192,0
DA:193,0
DA:194,0
DA:195,0
DA:199,1
DA:200,1
DA:202,14
DA:203,0
DA:205,14
DA:206,0
DA:208,14
DA:209,14
DA:210,14
DA:211,14
DA:212,14
DA:213,14
DA:214,14
DA:215,2
DA:217,14
DA:220,1
DA:222,1
DA:223,1
DA:224,1
LF:95
LH:84
BRDA:2,0,0,1
BRDA:2,0,1,1
BRDA:2,0,2,1
BRDA:3,1,0,0
BRDA:3,1,1,14
BRDA:4,2,0,16
BRDA:4,2,1,16
BRDA:7,3,0,16
BRDA:7,3,1,14
BRDA:8,4,0,16
BRDA:8,4,1,16
BRDA:11,5,0,1
BRDA:11,5,1,1
BRDA:11,5,2,1
BRDA:12,6,0,0
BRDA:12,6,1,8
BRDA:13,7,0,0
BRDA:13,7,1,8
BRDA:13,8,0,8
BRDA:13,8,1,0
BRDA:14,9,0,0
BRDA:14,9,1,8
BRDA:14,10,0,0
BRDA:14,10,1,8
BRDA:14,11,0,0
BRDA:14,11,1,0
BRDA:15,12,0,0
BRDA:15,12,1,8
BRDA:15,13,0,0
BRDA:15,13,1,8
BRDA:17,14,0,1
BRDA:17,14,1,1
BRDA:17,14,2,1
BRDA:18,15,0,0
BRDA:18,15,1,204
BRDA:18,16,0,204
BRDA:18,16,1,0
BRDA:19,17,0,0
BRDA:19,17,1,204
BRDA:19,18,0,0
BRDA:19,18,1,204
BRDA:19,19,0,0
BRDA:19,19,1,0
BRDA:20,20,0,14
BRDA:20,20,1,190
BRDA:20,21,0,0
BRDA:20,21,1,190
BRDA:20,22,0,0
BRDA:20,22,1,190
BRDA:37,23,0,1
BRDA:46,24,0,1
BRDA:46,24,1,1
BRDA:47,25,0,1
BRDA:47,25,1,1
BRDA:48,26,0,1
BRDA:48,26,1,1
BRDA:51,27,0,1
BRDA:51,27,1,1
BRDA:80,28,0,2
BRDA:80,28,1,0
BRDA:94,29,0,8
BRDA:94,29,1,4
BRDA:107,30,0,20
BRDA:107,30,1,0
BRDA:107,31,0,20
BRDA:107,31,1,20
BRDA:111,32,0,2
BRDA:111,32,1,14
BRDA:114,33,0,16
BRDA:114,33,1,0
BRDA:121,34,0,2
BRDA:121,34,1,0
BRDA:121,35,0,2
BRDA:121,35,1,2
BRDA:149,36,0,20
BRDA:149,36,1,4
BRDA:154,37,0,6
BRDA:154,37,1,6
BRDA:154,37,2,6
BRDA:154,37,3,6
BRDA:158,38,0,6
BRDA:158,38,1,6
BRDA:159,39,0,6
BRDA:159,39,1,2
BRDA:181,40,0,2
BRDA:181,40,1,0
BRDA:193,41,0,0
BRDA:193,41,1,0
BRDA:193,42,0,0
BRDA:193,42,1,0
BRDA:200,43,0,0
BRDA:202,44,0,0
BRDA:202,44,1,14
BRDA:205,45,0,0
BRDA:205,45,1,14
BRDA:208,46,0,0
BRDA:208,46,1,14
BRDA:208,47,0,14
BRDA:208,47,1,14
BRDA:214,48,0,2
BRDA:214,48,1,12
BRDA:219,49,0,0
BRF:102
BRH:70
end_of_record
TN:
SF:src\index.ts
FN:33,(anonymous_9)
FN:48,(anonymous_10)
FN:55,(anonymous_11)
FN:62,(anonymous_12)
FN:110,(anonymous_13)
FN:125,(anonymous_14)
FN:139,(anonymous_15)
FN:143,(anonymous_16)
FN:150,(anonymous_17)
FN:150,(anonymous_18)
FN:174,(anonymous_19)
FN:183,(anonymous_20)
FN:185,(anonymous_21)
FN:212,(anonymous_22)
FN:222,(anonymous_23)
FN:235,(anonymous_24)
FN:238,(anonymous_25)
FN:75,_PandaEvents_execOnAndOnce
FN:244,pandaEvents
FNF:19
FNH:14
FNDA:2,(anonymous_9)
FNDA:0,(anonymous_10)
FNDA:0,(anonymous_11)
FNDA:0,(anonymous_12)
FNDA:2,(anonymous_13)
FNDA:12,(anonymous_14)
FNDA:20,(anonymous_15)
FNDA:16,(anonymous_16)
FNDA:16,(anonymous_17)
FNDA:16,(anonymous_18)
FNDA:4,(anonymous_19)
FNDA:24,(anonymous_20)
FNDA:6,(anonymous_21)
FNDA:2,(anonymous_22)
FNDA:2,(anonymous_23)
FNDA:0,(anonymous_24)
FNDA:0,(anonymous_25)
FNDA:14,_PandaEvents_execOnAndOnce
FNDA:1,pandaEvents
DA:11,1
DA:23,1
DA:24,2
DA:25,2
DA:26,2
DA:27,2
DA:29,2
DA:30,2
DA:31,2
DA:34,2
DA:36,2
DA:38,2
DA:42,2
DA:49,0
DA:56,0
DA:63,0
DA:75,1
DA:79,14
DA:80,0
DA:83,14
DA:84,0
DA:89,14
DA:90,14
DA:91,14
DA:92,14
DA:93,14
DA:95,14
DA:97,14
DA:98,2
DA:100,14
DA:111,2
DA:112,2
DA:113,2
DA:115,2
DA:126,12
DA:127,12
DA:128,8
DA:130,12
DA:140,20
DA:141,20
DA:142,20
DA:143,20
DA:144,16
DA:145,16
DA:146,2
DA:149,16
DA:150,16
DA:151,16
DA:152,16
DA:154,2
DA:155,2
DA:156,2
DA:158,0
DA:164,20
DA:175,4
DA:184,24
DA:185,24
DA:186,6
DA:187,6
DA:188,6
DA:190,6
DA:198,6
DA:200,6
DA:213,2
DA:223,2
DA:224,2
DA:225,2
DA:226,2
DA:236,0
DA:237,0
DA:238,0
DA:239,0
DA:244,1
DA:245,1
DA:248,1
DA:249,1
LF:76
LH:66
BRDA:33,0,0,1
BRDA:34,1,0,1
BRDA:34,1,1,1
BRDA:36,2,0,1
BRDA:36,2,1,1
BRDA:38,3,0,1
BRDA:38,3,1,1
BRDA:42,4,0,1
BRDA:42,4,1,1
BRDA:112,5,0,2
BRDA:127,6,0,8
BRDA:141,7,0,20
BRDA:141,8,0,20
BRDA:141,8,1,20
BRDA:145,9,0,2
BRDA:149,10,0,16
BRDA:155,11,0,2
BRDA:155,11,1,0
BRDA:155,12,0,2
BRDA:155,12,1,2
BRDA:184,13,0,20
BRDA:184,13,1,4
BRDA:190,14,0,6
BRDA:190,14,1,6
BRDA:190,14,2,6
BRDA:190,14,3,6
BRDA:198,15,0,6
BRDA:198,15,1,6
BRDA:200,16,0,6
BRDA:200,16,1,2
BRDA:224,17,0,2
BRDA:237,18,0,0
BRDA:237,19,0,0
BRDA:237,19,1,0
BRDA:77,20,0,0
BRDA:79,21,0,0
BRDA:79,21,1,14
BRDA:83,22,0,0
BRDA:89,23,0,0
BRDA:89,23,1,14
BRDA:89,24,0,14
BRDA:89,24,1,14
BRDA:97,25,0,2
BRDA:244,26,0,0
BRF:44
BRH:35
end_of_record
