TN:
SF:dist\index.js
FN:1,(anonymous_0)
FN:2,adopt
FN:2,(anonymous_2)
FN:3,(anonymous_3)
FN:4,fulfilled
FN:5,rejected
FN:6,step
FN:10,(anonymous_7)
FN:16,(anonymous_8)
FN:34,(anonymous_9)
FN:53,(anonymous_10)
FN:59,(anonymous_11)
FN:65,(anonymous_12)
FN:75,(anonymous_13)
FN:86,(anonymous_14)
FN:96,(anonymous_15)
FN:100,(anonymous_16)
FN:106,(anonymous_17)
FN:106,(anonymous_18)
FN:131,(anonymous_19)
FN:139,(anonymous_20)
FN:141,(anonymous_21)
FN:168,(anonymous_22)
FN:177,(anonymous_23)
FN:189,(anonymous_24)
FN:192,(anonymous_25)
FN:197,_PandaEvents_execOnAndOnce
FN:223,pandaEvents
FNF:28
FNH:22
FNDA:20,(anonymous_0)
FNDA:18,adopt
FNDA:18,(anonymous_2)
FNDA:20,(anonymous_3)
FNDA:18,fulfilled
FNDA:0,rejected
FNDA:38,step
FNDA:8,(anonymous_7)
FNDA:310,(anonymous_8)
FNDA:2,(anonymous_9)
FNDA:0,(anonymous_10)
FNDA:0,(anonymous_11)
FNDA:0,(anonymous_12)
FNDA:2,(anonymous_13)
FNDA:16,(anonymous_14)
FNDA:30,(anonymous_15)
FNDA:20,(anonymous_16)
FNDA:20,(anonymous_17)
FNDA:20,(anonymous_18)
FNDA:6,(anonymous_19)
FNDA:30,(anonymous_20)
FNDA:8,(anonymous_21)
FNDA:2,(anonymous_22)
FNDA:4,(anonymous_23)
FNDA:0,(anonymous_24)
FNDA:0,(anonymous_25)
FNDA:18,_PandaEvents_execOnAndOnce
FNDA:1,pandaEvents
DA:1,1
DA:2,18
DA:3,20
DA:4,18
DA:5,0
DA:6,38
DA:7,20
DA:10,1
DA:11,8
DA:12,8
DA:13,8
DA:14,8
DA:16,1
DA:17,310
DA:18,310
DA:19,310
DA:22,1
DA:35,2
DA:36,2
DA:37,2
DA:38,2
DA:39,2
DA:40,2
DA:41,2
DA:42,2
DA:43,2
DA:44,2
DA:45,2
DA:48,2
DA:54,0
DA:60,0
DA:66,0
DA:76,2
DA:77,2
DA:87,16
DA:88,16
DA:97,30
DA:98,30
DA:99,24
DA:100,24
DA:101,20
DA:102,20
DA:103,2
DA:105,20
DA:106,20
DA:107,20
DA:108,20
DA:111,2
DA:112,2
DA:113,2
DA:116,0
DA:122,24
DA:132,6
DA:140,30
DA:141,30
DA:142,8
DA:143,8
DA:144,8
DA:145,8
DA:149,8
DA:150,8
DA:151,8
DA:152,8
DA:154,8
DA:156,8
DA:157,8
DA:169,2
DA:178,4
DA:179,4
DA:180,4
DA:181,4
DA:190,0
DA:191,0
DA:192,0
DA:193,0
DA:197,1
DA:199,18
DA:200,0
DA:202,18
DA:203,0
DA:205,18
DA:206,18
DA:207,18
DA:208,18
DA:209,18
DA:210,18
DA:211,18
DA:212,2
DA:214,18
DA:219,12
DA:221,18
DA:224,1
DA:226,1
LF:93
LH:82
BRDA:1,0,0,1
BRDA:1,0,1,0
BRDA:1,0,2,1
BRDA:2,1,0,0
BRDA:2,1,1,18
BRDA:3,2,0,20
BRDA:3,2,1,20
BRDA:6,3,0,20
BRDA:6,3,1,18
BRDA:7,4,0,20
BRDA:7,4,1,20
BRDA:10,5,0,1
BRDA:10,5,1,0
BRDA:10,5,2,1
BRDA:11,6,0,0
BRDA:11,6,1,8
BRDA:12,7,0,0
BRDA:12,7,1,8
BRDA:12,8,0,8
BRDA:12,8,1,0
BRDA:13,9,0,0
BRDA:13,9,1,8
BRDA:13,10,0,0
BRDA:13,10,1,8
BRDA:13,11,0,0
BRDA:13,11,1,0
BRDA:14,12,0,0
BRDA:14,12,1,8
BRDA:14,13,0,0
BRDA:14,13,1,8
BRDA:16,14,0,1
BRDA:16,14,1,0
BRDA:16,14,2,1
BRDA:17,15,0,0
BRDA:17,15,1,310
BRDA:17,16,0,310
BRDA:17,16,1,0
BRDA:18,17,0,0
BRDA:18,17,1,310
BRDA:18,18,0,0
BRDA:18,18,1,310
BRDA:18,19,0,0
BRDA:18,19,1,0
BRDA:19,20,0,18
BRDA:19,20,1,292
BRDA:19,21,0,0
BRDA:19,21,1,292
BRDA:19,22,0,0
BRDA:19,22,1,292
BRDA:34,23,0,0
BRDA:43,24,0,0
BRDA:43,24,1,2
BRDA:44,25,0,0
BRDA:44,25,1,2
BRDA:45,26,0,0
BRDA:45,26,1,2
BRDA:48,27,0,0
BRDA:48,27,1,2
BRDA:98,28,0,24
BRDA:98,28,1,6
BRDA:98,29,0,30
BRDA:98,29,1,24
BRDA:102,30,0,2
BRDA:102,30,1,18
BRDA:105,31,0,20
BRDA:105,31,1,0
BRDA:112,32,0,2
BRDA:112,32,1,0
BRDA:112,33,0,2
BRDA:112,33,1,2
BRDA:140,34,0,24
BRDA:140,34,1,6
BRDA:145,35,0,8
BRDA:145,35,1,8
BRDA:145,35,2,8
BRDA:145,35,3,8
BRDA:150,36,0,8
BRDA:150,36,1,0
BRDA:154,37,0,8
BRDA:154,37,1,2
BRDA:156,38,0,8
BRDA:156,38,1,0
BRDA:179,39,0,4
BRDA:179,39,1,0
BRDA:191,40,0,0
BRDA:191,40,1,0
BRDA:191,41,0,0
BRDA:191,41,1,0
BRDA:197,42,0,0
BRDA:199,43,0,0
BRDA:199,43,1,18
BRDA:202,44,0,0
BRDA:202,44,1,18
BRDA:205,45,0,0
BRDA:205,45,1,18
BRDA:205,46,0,18
BRDA:205,46,1,18
BRDA:211,47,0,2
BRDA:211,47,1,16
BRDA:214,48,0,12
BRDA:214,48,1,6
BRDA:223,49,0,1
BRF:102
BRH:63
end_of_record
TN:
SF:src\index.ts
FN:36,(anonymous_9)
FN:51,(anonymous_10)
FN:58,(anonymous_11)
FN:65,(anonymous_12)
FN:124,(anonymous_13)
FN:136,(anonymous_14)
FN:147,(anonymous_15)
FN:151,(anonymous_16)
FN:158,(anonymous_17)
FN:158,(anonymous_18)
FN:182,(anonymous_19)
FN:191,(anonymous_20)
FN:193,(anonymous_21)
FN:229,(anonymous_22)
FN:239,(anonymous_23)
FN:252,(anonymous_24)
FN:255,(anonymous_25)
FN:78,_PandaEvents_execOnAndOnce
FN:261,pandaEvents
FNF:19
FNH:14
FNDA:2,(anonymous_9)
FNDA:0,(anonymous_10)
FNDA:0,(anonymous_11)
FNDA:0,(anonymous_12)
FNDA:2,(anonymous_13)
FNDA:16,(anonymous_14)
FNDA:30,(anonymous_15)
FNDA:20,(anonymous_16)
FNDA:20,(anonymous_17)
FNDA:20,(anonymous_18)
FNDA:6,(anonymous_19)
FNDA:30,(anonymous_20)
FNDA:8,(anonymous_21)
FNDA:2,(anonymous_22)
FNDA:4,(anonymous_23)
FNDA:0,(anonymous_24)
FNDA:0,(anonymous_25)
FNDA:18,_PandaEvents_execOnAndOnce
FNDA:1,pandaEvents
DA:14,1
DA:26,1
DA:27,2
DA:28,2
DA:29,2
DA:30,2
DA:32,2
DA:33,2
DA:34,2
DA:37,2
DA:39,2
DA:41,2
DA:45,2
DA:52,0
DA:59,0
DA:66,0
DA:78,1
DA:82,18
DA:83,0
DA:86,18
DA:87,0
DA:92,18
DA:93,18
DA:94,18
DA:96,18
DA:97,18
DA:99,18
DA:101,18
DA:102,2
DA:105,18
DA:112,12
DA:114,18
DA:125,2
DA:126,2
DA:137,16
DA:138,16
DA:148,30
DA:149,30
DA:150,24
DA:151,24
DA:152,20
DA:153,20
DA:154,2
DA:157,20
DA:158,20
DA:159,20
DA:160,20
DA:162,2
DA:163,2
DA:164,2
DA:166,0
DA:172,24
DA:183,6
DA:192,30
DA:193,30
DA:194,8
DA:195,8
DA:196,8
DA:198,8
DA:206,8
DA:208,8
DA:209,8
DA:210,8
DA:213,8
DA:216,8
DA:217,8
DA:230,2
DA:240,4
DA:241,4
DA:242,4
DA:243,4
DA:253,0
DA:254,0
DA:255,0
DA:256,0
DA:261,1
DA:262,1
DA:265,1
DA:266,1
LF:79
LH:69
BRDA:36,0,0,0
BRDA:37,1,0,0
BRDA:37,1,1,2
BRDA:39,2,0,0
BRDA:39,2,1,2
BRDA:41,3,0,0
BRDA:41,3,1,2
BRDA:45,4,0,0
BRDA:45,4,1,2
BRDA:149,5,0,24
BRDA:149,6,0,30
BRDA:149,6,1,24
BRDA:153,7,0,2
BRDA:157,8,0,20
BRDA:163,9,0,2
BRDA:163,9,1,0
BRDA:163,10,0,2
BRDA:163,10,1,2
BRDA:192,11,0,24
BRDA:192,11,1,6
BRDA:198,12,0,8
BRDA:198,12,1,8
BRDA:198,12,2,8
BRDA:198,12,3,8
BRDA:208,13,0,8
BRDA:213,14,0,8
BRDA:213,14,1,2
BRDA:216,15,0,8
BRDA:241,16,0,4
BRDA:254,17,0,0
BRDA:254,18,0,0
BRDA:254,18,1,0
BRDA:80,19,0,0
BRDA:82,20,0,0
BRDA:82,20,1,18
BRDA:86,21,0,0
BRDA:92,22,0,0
BRDA:92,22,1,18
BRDA:92,23,0,18
BRDA:92,23,1,18
BRDA:101,24,0,2
BRDA:105,25,0,12
BRDA:261,26,0,1
BRF:43
BRH:30
end_of_record
